D:\facultate\GithubRepositories\football-live-check\FootballLiveCheck.Web\AFLC\dist\out-tsc\src\app\app-routing.module.js
D:\facultate\GithubRepositories\football-live-check\FootballLiveCheck.Web\AFLC\dist\out-tsc\src\app\app-routing.module.js.map
D:\facultate\GithubRepositories\football-live-check\FootballLiveCheck.Web\AFLC\dist\out-tsc\src\app\app.component.js
D:\facultate\GithubRepositories\football-live-check\FootballLiveCheck.Web\AFLC\dist\out-tsc\src\app\app.component.js.map
D:\facultate\GithubRepositories\football-live-check\FootballLiveCheck.Web\AFLC\dist\out-tsc\src\app\home\home.component.js
D:\facultate\GithubRepositories\football-live-check\FootballLiveCheck.Web\AFLC\dist\out-tsc\src\app\home\home.component.js.map
D:\facultate\GithubRepositories\football-live-check\FootballLiveCheck.Web\AFLC\dist\out-tsc\src\app\app.module.js
D:\facultate\GithubRepositories\football-live-check\FootballLiveCheck.Web\AFLC\dist\out-tsc\src\app\app.module.js.map
D:\facultate\GithubRepositories\football-live-check\FootballLiveCheck.Web\AFLC\dist\out-tsc\src\environments\environment.js
D:\facultate\GithubRepositories\football-live-check\FootballLiveCheck.Web\AFLC\dist\out-tsc\src\environments\environment.js.map
D:\facultate\GithubRepositories\football-live-check\FootballLiveCheck.Web\AFLC\dist\out-tsc\src\main.js
D:\facultate\GithubRepositories\football-live-check\FootballLiveCheck.Web\AFLC\dist\out-tsc\src\main.js.map
D:\facultate\GithubRepositories\football-live-check\FootballLiveCheck.Web\AFLC\dist\out-tsc\src\polyfills.js
D:\facultate\GithubRepositories\football-live-check\FootballLiveCheck.Web\AFLC\dist\out-tsc\src\polyfills.js.map
D:\facultate\GithubRepositories\football-live-check\FootballLiveCheck.Web\AFLC\dist\out-tsc\src\test.js
D:\facultate\GithubRepositories\football-live-check\FootballLiveCheck.Web\AFLC\dist\out-tsc\src\test.js.map
D:\facultate\GithubRepositories\football-live-check\FootballLiveCheck.Web\AFLC\dist\out-tsc\src\environments\environment.prod.js
D:\facultate\GithubRepositories\football-live-check\FootballLiveCheck.Web\AFLC\dist\out-tsc\src\environments\environment.prod.js.map
D:\facultate\GithubRepositories\football-live-check\FootballLiveCheck.Web\AFLC\dist\out-tsc\src\app\app.component.spec.js
D:\facultate\GithubRepositories\football-live-check\FootballLiveCheck.Web\AFLC\dist\out-tsc\src\app\app.component.spec.js.map
D:\facultate\GithubRepositories\football-live-check\FootballLiveCheck.Web\AFLC\dist\out-tsc\src\app\home\home.component.spec.js
D:\facultate\GithubRepositories\football-live-check\FootballLiveCheck.Web\AFLC\dist\out-tsc\src\app\home\home.component.spec.js.map
D:\facultate\GithubRepositories\football-live-check\FootballLiveCheck.Web\AFLC\dist\out-tsc\e2e\app.po.js
D:\facultate\GithubRepositories\football-live-check\FootballLiveCheck.Web\AFLC\dist\out-tsc\e2e\app.po.js.map
D:\facultate\GithubRepositories\football-live-check\FootballLiveCheck.Web\AFLC\dist\out-tsc\e2e\app.e2e-spec.js
D:\facultate\GithubRepositories\football-live-check\FootballLiveCheck.Web\AFLC\dist\out-tsc\e2e\app.e2e-spec.js.map
D:\facultate\GithubRepositories\football-live-check\FootballLiveCheck.Web\AFLC\dist\out-tsc\src\app\app-routing.module.js
D:\facultate\GithubRepositories\football-live-check\FootballLiveCheck.Web\AFLC\dist\out-tsc\src\app\app-routing.module.js.map
D:\facultate\GithubRepositories\football-live-check\FootballLiveCheck.Web\AFLC\dist\out-tsc\src\app\app.component.js
D:\facultate\GithubRepositories\football-live-check\FootballLiveCheck.Web\AFLC\dist\out-tsc\src\app\app.component.js.map
D:\facultate\GithubRepositories\football-live-check\FootballLiveCheck.Web\AFLC\dist\out-tsc\src\app\home\home.component.js
D:\facultate\GithubRepositories\football-live-check\FootballLiveCheck.Web\AFLC\dist\out-tsc\src\app\home\home.component.js.map
D:\facultate\GithubRepositories\football-live-check\FootballLiveCheck.Web\AFLC\dist\out-tsc\src\app\app.module.js
D:\facultate\GithubRepositories\football-live-check\FootballLiveCheck.Web\AFLC\dist\out-tsc\src\app\app.module.js.map
D:\facultate\GithubRepositories\football-live-check\FootballLiveCheck.Web\AFLC\dist\out-tsc\src\environments\environment.js
D:\facultate\GithubRepositories\football-live-check\FootballLiveCheck.Web\AFLC\dist\out-tsc\src\environments\environment.js.map
D:\facultate\GithubRepositories\football-live-check\FootballLiveCheck.Web\AFLC\dist\out-tsc\src\main.js
D:\facultate\GithubRepositories\football-live-check\FootballLiveCheck.Web\AFLC\dist\out-tsc\src\main.js.map
D:\facultate\GithubRepositories\football-live-check\FootballLiveCheck.Web\AFLC\dist\out-tsc\src\polyfills.js
D:\facultate\GithubRepositories\football-live-check\FootballLiveCheck.Web\AFLC\dist\out-tsc\src\polyfills.js.map
D:\facultate\GithubRepositories\football-live-check\FootballLiveCheck.Web\AFLC\dist\out-tsc\src\test.js
D:\facultate\GithubRepositories\football-live-check\FootballLiveCheck.Web\AFLC\dist\out-tsc\src\test.js.map
D:\facultate\GithubRepositories\football-live-check\FootballLiveCheck.Web\AFLC\dist\out-tsc\src\environments\environment.prod.js
D:\facultate\GithubRepositories\football-live-check\FootballLiveCheck.Web\AFLC\dist\out-tsc\src\environments\environment.prod.js.map
D:\facultate\GithubRepositories\football-live-check\FootballLiveCheck.Web\AFLC\dist\out-tsc\src\app\app.component.spec.js
D:\facultate\GithubRepositories\football-live-check\FootballLiveCheck.Web\AFLC\dist\out-tsc\src\app\app.component.spec.js.map
D:\facultate\GithubRepositories\football-live-check\FootballLiveCheck.Web\AFLC\dist\out-tsc\src\app\home\home.component.spec.js
D:\facultate\GithubRepositories\football-live-check\FootballLiveCheck.Web\AFLC\dist\out-tsc\src\app\home\home.component.spec.js.map
D:\facultate\GithubRepositories\football-live-check\FootballLiveCheck.Web\AFLC\dist\out-tsc\e2e\app.po.js
D:\facultate\GithubRepositories\football-live-check\FootballLiveCheck.Web\AFLC\dist\out-tsc\e2e\app.po.js.map
D:\facultate\GithubRepositories\football-live-check\FootballLiveCheck.Web\AFLC\dist\out-tsc\e2e\app.e2e-spec.js
D:\facultate\GithubRepositories\football-live-check\FootballLiveCheck.Web\AFLC\dist\out-tsc\e2e\app.e2e-spec.js.map
D:\facultate\GithubRepositories\football-live-check\FootballLiveCheck.Web\AFLC\dist\out-tsc\src\app\app-routing.module.js
D:\facultate\GithubRepositories\football-live-check\FootballLiveCheck.Web\AFLC\dist\out-tsc\src\app\app-routing.module.js.map
D:\facultate\GithubRepositories\football-live-check\FootballLiveCheck.Web\AFLC\dist\out-tsc\src\app\app.component.js
D:\facultate\GithubRepositories\football-live-check\FootballLiveCheck.Web\AFLC\dist\out-tsc\src\app\app.component.js.map
D:\facultate\GithubRepositories\football-live-check\FootballLiveCheck.Web\AFLC\dist\out-tsc\src\app\home\home.component.js
D:\facultate\GithubRepositories\football-live-check\FootballLiveCheck.Web\AFLC\dist\out-tsc\src\app\home\home.component.js.map
D:\facultate\GithubRepositories\football-live-check\FootballLiveCheck.Web\AFLC\dist\out-tsc\src\app\app.module.js
D:\facultate\GithubRepositories\football-live-check\FootballLiveCheck.Web\AFLC\dist\out-tsc\src\app\app.module.js.map
D:\facultate\GithubRepositories\football-live-check\FootballLiveCheck.Web\AFLC\dist\out-tsc\src\environments\environment.js
D:\facultate\GithubRepositories\football-live-check\FootballLiveCheck.Web\AFLC\dist\out-tsc\src\environments\environment.js.map
D:\facultate\GithubRepositories\football-live-check\FootballLiveCheck.Web\AFLC\dist\out-tsc\src\main.js
D:\facultate\GithubRepositories\football-live-check\FootballLiveCheck.Web\AFLC\dist\out-tsc\src\main.js.map
D:\facultate\GithubRepositories\football-live-check\FootballLiveCheck.Web\AFLC\dist\out-tsc\src\polyfills.js
D:\facultate\GithubRepositories\football-live-check\FootballLiveCheck.Web\AFLC\dist\out-tsc\src\polyfills.js.map
D:\facultate\GithubRepositories\football-live-check\FootballLiveCheck.Web\AFLC\dist\out-tsc\src\test.js
D:\facultate\GithubRepositories\football-live-check\FootballLiveCheck.Web\AFLC\dist\out-tsc\src\test.js.map
D:\facultate\GithubRepositories\football-live-check\FootballLiveCheck.Web\AFLC\dist\out-tsc\src\environments\environment.prod.js
D:\facultate\GithubRepositories\football-live-check\FootballLiveCheck.Web\AFLC\dist\out-tsc\src\environments\environment.prod.js.map
D:\facultate\GithubRepositories\football-live-check\FootballLiveCheck.Web\AFLC\dist\out-tsc\src\app\app.component.spec.js
D:\facultate\GithubRepositories\football-live-check\FootballLiveCheck.Web\AFLC\dist\out-tsc\src\app\app.component.spec.js.map
D:\facultate\GithubRepositories\football-live-check\FootballLiveCheck.Web\AFLC\dist\out-tsc\src\app\home\home.component.spec.js
D:\facultate\GithubRepositories\football-live-check\FootballLiveCheck.Web\AFLC\dist\out-tsc\src\app\home\home.component.spec.js.map
D:\facultate\GithubRepositories\football-live-check\FootballLiveCheck.Web\AFLC\dist\out-tsc\e2e\app.po.js
D:\facultate\GithubRepositories\football-live-check\FootballLiveCheck.Web\AFLC\dist\out-tsc\e2e\app.po.js.map
D:\facultate\GithubRepositories\football-live-check\FootballLiveCheck.Web\AFLC\dist\out-tsc\e2e\app.e2e-spec.js
D:\facultate\GithubRepositories\football-live-check\FootballLiveCheck.Web\AFLC\dist\out-tsc\e2e\app.e2e-spec.js.map
D:\facultate\GithubRepositories\football-live-check\FootballLiveCheck.Web\AFLC\dist\out-tsc\src\app\app-routing.module.js
D:\facultate\GithubRepositories\football-live-check\FootballLiveCheck.Web\AFLC\dist\out-tsc\src\app\app-routing.module.js.map
D:\facultate\GithubRepositories\football-live-check\FootballLiveCheck.Web\AFLC\dist\out-tsc\src\app\app.component.js
D:\facultate\GithubRepositories\football-live-check\FootballLiveCheck.Web\AFLC\dist\out-tsc\src\app\app.component.js.map
D:\facultate\GithubRepositories\football-live-check\FootballLiveCheck.Web\AFLC\dist\out-tsc\src\app\home\home.component.js
D:\facultate\GithubRepositories\football-live-check\FootballLiveCheck.Web\AFLC\dist\out-tsc\src\app\home\home.component.js.map
D:\facultate\GithubRepositories\football-live-check\FootballLiveCheck.Web\AFLC\dist\out-tsc\src\app\app.module.js
D:\facultate\GithubRepositories\football-live-check\FootballLiveCheck.Web\AFLC\dist\out-tsc\src\app\app.module.js.map
D:\facultate\GithubRepositories\football-live-check\FootballLiveCheck.Web\AFLC\dist\out-tsc\src\environments\environment.js
D:\facultate\GithubRepositories\football-live-check\FootballLiveCheck.Web\AFLC\dist\out-tsc\src\environments\environment.js.map
D:\facultate\GithubRepositories\football-live-check\FootballLiveCheck.Web\AFLC\dist\out-tsc\src\main.js
D:\facultate\GithubRepositories\football-live-check\FootballLiveCheck.Web\AFLC\dist\out-tsc\src\main.js.map
D:\facultate\GithubRepositories\football-live-check\FootballLiveCheck.Web\AFLC\dist\out-tsc\src\polyfills.js
D:\facultate\GithubRepositories\football-live-check\FootballLiveCheck.Web\AFLC\dist\out-tsc\src\polyfills.js.map
D:\facultate\GithubRepositories\football-live-check\FootballLiveCheck.Web\AFLC\dist\out-tsc\src\test.js
D:\facultate\GithubRepositories\football-live-check\FootballLiveCheck.Web\AFLC\dist\out-tsc\src\test.js.map
D:\facultate\GithubRepositories\football-live-check\FootballLiveCheck.Web\AFLC\dist\out-tsc\src\environments\environment.prod.js
D:\facultate\GithubRepositories\football-live-check\FootballLiveCheck.Web\AFLC\dist\out-tsc\src\environments\environment.prod.js.map
D:\facultate\GithubRepositories\football-live-check\FootballLiveCheck.Web\AFLC\dist\out-tsc\src\app\app.component.spec.js
D:\facultate\GithubRepositories\football-live-check\FootballLiveCheck.Web\AFLC\dist\out-tsc\src\app\app.component.spec.js.map
D:\facultate\GithubRepositories\football-live-check\FootballLiveCheck.Web\AFLC\dist\out-tsc\src\app\home\home.component.spec.js
D:\facultate\GithubRepositories\football-live-check\FootballLiveCheck.Web\AFLC\dist\out-tsc\src\app\home\home.component.spec.js.map
D:\facultate\GithubRepositories\football-live-check\FootballLiveCheck.Web\AFLC\dist\out-tsc\e2e\app.po.js
D:\facultate\GithubRepositories\football-live-check\FootballLiveCheck.Web\AFLC\dist\out-tsc\e2e\app.po.js.map
D:\facultate\GithubRepositories\football-live-check\FootballLiveCheck.Web\AFLC\dist\out-tsc\e2e\app.e2e-spec.js
D:\facultate\GithubRepositories\football-live-check\FootballLiveCheck.Web\AFLC\dist\out-tsc\e2e\app.e2e-spec.js.map
D:\facultate\GithubRepositories\football-live-check\FootballLiveCheck.Web\AFLC\dist\out-tsc\src\app\app-routing.module.js
D:\facultate\GithubRepositories\football-live-check\FootballLiveCheck.Web\AFLC\dist\out-tsc\src\app\app-routing.module.js.map
D:\facultate\GithubRepositories\football-live-check\FootballLiveCheck.Web\AFLC\dist\out-tsc\src\app\app.component.js
D:\facultate\GithubRepositories\football-live-check\FootballLiveCheck.Web\AFLC\dist\out-tsc\src\app\app.component.js.map
D:\facultate\GithubRepositories\football-live-check\FootballLiveCheck.Web\AFLC\dist\out-tsc\src\app\home\home.component.js
D:\facultate\GithubRepositories\football-live-check\FootballLiveCheck.Web\AFLC\dist\out-tsc\src\app\home\home.component.js.map
D:\facultate\GithubRepositories\football-live-check\FootballLiveCheck.Web\AFLC\dist\out-tsc\src\app\app.module.js
D:\facultate\GithubRepositories\football-live-check\FootballLiveCheck.Web\AFLC\dist\out-tsc\src\app\app.module.js.map
D:\facultate\GithubRepositories\football-live-check\FootballLiveCheck.Web\AFLC\dist\out-tsc\src\environments\environment.js
D:\facultate\GithubRepositories\football-live-check\FootballLiveCheck.Web\AFLC\dist\out-tsc\src\environments\environment.js.map
D:\facultate\GithubRepositories\football-live-check\FootballLiveCheck.Web\AFLC\dist\out-tsc\src\main.js
D:\facultate\GithubRepositories\football-live-check\FootballLiveCheck.Web\AFLC\dist\out-tsc\src\main.js.map
D:\facultate\GithubRepositories\football-live-check\FootballLiveCheck.Web\AFLC\dist\out-tsc\src\polyfills.js
D:\facultate\GithubRepositories\football-live-check\FootballLiveCheck.Web\AFLC\dist\out-tsc\src\polyfills.js.map
D:\facultate\GithubRepositories\football-live-check\FootballLiveCheck.Web\AFLC\dist\out-tsc\src\test.js
D:\facultate\GithubRepositories\football-live-check\FootballLiveCheck.Web\AFLC\dist\out-tsc\src\test.js.map
D:\facultate\GithubRepositories\football-live-check\FootballLiveCheck.Web\AFLC\dist\out-tsc\src\environments\environment.prod.js
D:\facultate\GithubRepositories\football-live-check\FootballLiveCheck.Web\AFLC\dist\out-tsc\src\environments\environment.prod.js.map
D:\facultate\GithubRepositories\football-live-check\FootballLiveCheck.Web\AFLC\dist\out-tsc\src\app\app.component.spec.js
D:\facultate\GithubRepositories\football-live-check\FootballLiveCheck.Web\AFLC\dist\out-tsc\src\app\app.component.spec.js.map
D:\facultate\GithubRepositories\football-live-check\FootballLiveCheck.Web\AFLC\dist\out-tsc\src\app\home\home.component.spec.js
D:\facultate\GithubRepositories\football-live-check\FootballLiveCheck.Web\AFLC\dist\out-tsc\src\app\home\home.component.spec.js.map
D:\facultate\GithubRepositories\football-live-check\FootballLiveCheck.Web\AFLC\dist\out-tsc\e2e\app.po.js
D:\facultate\GithubRepositories\football-live-check\FootballLiveCheck.Web\AFLC\dist\out-tsc\e2e\app.po.js.map
D:\facultate\GithubRepositories\football-live-check\FootballLiveCheck.Web\AFLC\dist\out-tsc\e2e\app.e2e-spec.js
D:\facultate\GithubRepositories\football-live-check\FootballLiveCheck.Web\AFLC\dist\out-tsc\e2e\app.e2e-spec.js.map
D:\facultate\GithubRepositories\football-live-check\FootballLiveCheck.Web\AFLC\dist\out-tsc\src\app\app-routing.module.js
D:\facultate\GithubRepositories\football-live-check\FootballLiveCheck.Web\AFLC\dist\out-tsc\src\app\app-routing.module.js.map
D:\facultate\GithubRepositories\football-live-check\FootballLiveCheck.Web\AFLC\dist\out-tsc\src\app\app.component.js
D:\facultate\GithubRepositories\football-live-check\FootballLiveCheck.Web\AFLC\dist\out-tsc\src\app\app.component.js.map
D:\facultate\GithubRepositories\football-live-check\FootballLiveCheck.Web\AFLC\dist\out-tsc\src\app\home\home.component.js
D:\facultate\GithubRepositories\football-live-check\FootballLiveCheck.Web\AFLC\dist\out-tsc\src\app\home\home.component.js.map
D:\facultate\GithubRepositories\football-live-check\FootballLiveCheck.Web\AFLC\dist\out-tsc\src\app\app.module.js
D:\facultate\GithubRepositories\football-live-check\FootballLiveCheck.Web\AFLC\dist\out-tsc\src\app\app.module.js.map
D:\facultate\GithubRepositories\football-live-check\FootballLiveCheck.Web\AFLC\dist\out-tsc\src\environments\environment.js
D:\facultate\GithubRepositories\football-live-check\FootballLiveCheck.Web\AFLC\dist\out-tsc\src\environments\environment.js.map
D:\facultate\GithubRepositories\football-live-check\FootballLiveCheck.Web\AFLC\dist\out-tsc\src\main.js
D:\facultate\GithubRepositories\football-live-check\FootballLiveCheck.Web\AFLC\dist\out-tsc\src\main.js.map
D:\facultate\GithubRepositories\football-live-check\FootballLiveCheck.Web\AFLC\dist\out-tsc\src\polyfills.js
D:\facultate\GithubRepositories\football-live-check\FootballLiveCheck.Web\AFLC\dist\out-tsc\src\polyfills.js.map
D:\facultate\GithubRepositories\football-live-check\FootballLiveCheck.Web\AFLC\dist\out-tsc\src\test.js
D:\facultate\GithubRepositories\football-live-check\FootballLiveCheck.Web\AFLC\dist\out-tsc\src\test.js.map
D:\facultate\GithubRepositories\football-live-check\FootballLiveCheck.Web\AFLC\dist\out-tsc\src\environments\environment.prod.js
D:\facultate\GithubRepositories\football-live-check\FootballLiveCheck.Web\AFLC\dist\out-tsc\src\environments\environment.prod.js.map
D:\facultate\GithubRepositories\football-live-check\FootballLiveCheck.Web\AFLC\dist\out-tsc\src\app\app.component.spec.js
D:\facultate\GithubRepositories\football-live-check\FootballLiveCheck.Web\AFLC\dist\out-tsc\src\app\app.component.spec.js.map
D:\facultate\GithubRepositories\football-live-check\FootballLiveCheck.Web\AFLC\dist\out-tsc\src\app\home\home.component.spec.js
D:\facultate\GithubRepositories\football-live-check\FootballLiveCheck.Web\AFLC\dist\out-tsc\src\app\home\home.component.spec.js.map
D:\facultate\GithubRepositories\football-live-check\FootballLiveCheck.Web\AFLC\dist\out-tsc\e2e\app.po.js
D:\facultate\GithubRepositories\football-live-check\FootballLiveCheck.Web\AFLC\dist\out-tsc\e2e\app.po.js.map
D:\facultate\GithubRepositories\football-live-check\FootballLiveCheck.Web\AFLC\dist\out-tsc\e2e\app.e2e-spec.js
D:\facultate\GithubRepositories\football-live-check\FootballLiveCheck.Web\AFLC\dist\out-tsc\e2e\app.e2e-spec.js.map
D:\scoala\anul 3\semestrul 1\iNET\football-live-check\FootballLiveCheck.Web\AFLC\dist\out-tsc\src\app\app.component.js
D:\scoala\anul 3\semestrul 1\iNET\football-live-check\FootballLiveCheck.Web\AFLC\dist\out-tsc\src\app\app.component.js.map
D:\scoala\anul 3\semestrul 1\iNET\football-live-check\FootballLiveCheck.Web\AFLC\dist\out-tsc\src\app\home\home.component.js
D:\scoala\anul 3\semestrul 1\iNET\football-live-check\FootballLiveCheck.Web\AFLC\dist\out-tsc\src\app\home\home.component.js.map
D:\scoala\anul 3\semestrul 1\iNET\football-live-check\FootballLiveCheck.Web\AFLC\dist\out-tsc\src\app\app.module.js
D:\scoala\anul 3\semestrul 1\iNET\football-live-check\FootballLiveCheck.Web\AFLC\dist\out-tsc\src\app\app.module.js.map
D:\scoala\anul 3\semestrul 1\iNET\football-live-check\FootballLiveCheck.Web\AFLC\dist\out-tsc\src\environments\environment.js
D:\scoala\anul 3\semestrul 1\iNET\football-live-check\FootballLiveCheck.Web\AFLC\dist\out-tsc\src\environments\environment.js.map
D:\scoala\anul 3\semestrul 1\iNET\football-live-check\FootballLiveCheck.Web\AFLC\dist\out-tsc\src\main.js
D:\scoala\anul 3\semestrul 1\iNET\football-live-check\FootballLiveCheck.Web\AFLC\dist\out-tsc\src\main.js.map
D:\scoala\anul 3\semestrul 1\iNET\football-live-check\FootballLiveCheck.Web\AFLC\dist\out-tsc\src\polyfills.js
D:\scoala\anul 3\semestrul 1\iNET\football-live-check\FootballLiveCheck.Web\AFLC\dist\out-tsc\src\polyfills.js.map
D:\scoala\anul 3\semestrul 1\iNET\football-live-check\FootballLiveCheck.Web\AFLC\dist\out-tsc\src\test.js
D:\scoala\anul 3\semestrul 1\iNET\football-live-check\FootballLiveCheck.Web\AFLC\dist\out-tsc\src\test.js.map
D:\scoala\anul 3\semestrul 1\iNET\football-live-check\FootballLiveCheck.Web\AFLC\dist\out-tsc\src\environments\environment.prod.js
D:\scoala\anul 3\semestrul 1\iNET\football-live-check\FootballLiveCheck.Web\AFLC\dist\out-tsc\src\environments\environment.prod.js.map
D:\scoala\anul 3\semestrul 1\iNET\football-live-check\FootballLiveCheck.Web\AFLC\dist\out-tsc\src\app\app-routing.module.js
D:\scoala\anul 3\semestrul 1\iNET\football-live-check\FootballLiveCheck.Web\AFLC\dist\out-tsc\src\app\app-routing.module.js.map
D:\scoala\anul 3\semestrul 1\iNET\football-live-check\FootballLiveCheck.Web\AFLC\dist\out-tsc\src\app\app.component.spec.js
D:\scoala\anul 3\semestrul 1\iNET\football-live-check\FootballLiveCheck.Web\AFLC\dist\out-tsc\src\app\app.component.spec.js.map
D:\scoala\anul 3\semestrul 1\iNET\football-live-check\FootballLiveCheck.Web\AFLC\dist\out-tsc\src\app\home\home.component.spec.js
D:\scoala\anul 3\semestrul 1\iNET\football-live-check\FootballLiveCheck.Web\AFLC\dist\out-tsc\src\app\home\home.component.spec.js.map
D:\scoala\anul 3\semestrul 1\iNET\football-live-check\FootballLiveCheck.Web\AFLC\dist\out-tsc\e2e\app.po.js
D:\scoala\anul 3\semestrul 1\iNET\football-live-check\FootballLiveCheck.Web\AFLC\dist\out-tsc\e2e\app.po.js.map
D:\scoala\anul 3\semestrul 1\iNET\football-live-check\FootballLiveCheck.Web\AFLC\dist\out-tsc\e2e\app.e2e-spec.js
D:\scoala\anul 3\semestrul 1\iNET\football-live-check\FootballLiveCheck.Web\AFLC\dist\out-tsc\e2e\app.e2e-spec.js.map
D:\scoala\anul 3\semestrul 1\iNET\football-live-check\FootballLiveCheck.Web\AFLC\dist\out-tsc\src\app\app.component.js
D:\scoala\anul 3\semestrul 1\iNET\football-live-check\FootballLiveCheck.Web\AFLC\dist\out-tsc\src\app\app.component.js.map
D:\scoala\anul 3\semestrul 1\iNET\football-live-check\FootballLiveCheck.Web\AFLC\dist\out-tsc\src\app\home\home.component.js
D:\scoala\anul 3\semestrul 1\iNET\football-live-check\FootballLiveCheck.Web\AFLC\dist\out-tsc\src\app\home\home.component.js.map
D:\scoala\anul 3\semestrul 1\iNET\football-live-check\FootballLiveCheck.Web\AFLC\dist\out-tsc\src\app\app.module.js
D:\scoala\anul 3\semestrul 1\iNET\football-live-check\FootballLiveCheck.Web\AFLC\dist\out-tsc\src\app\app.module.js.map
D:\scoala\anul 3\semestrul 1\iNET\football-live-check\FootballLiveCheck.Web\AFLC\dist\out-tsc\src\environments\environment.js
D:\scoala\anul 3\semestrul 1\iNET\football-live-check\FootballLiveCheck.Web\AFLC\dist\out-tsc\src\environments\environment.js.map
D:\scoala\anul 3\semestrul 1\iNET\football-live-check\FootballLiveCheck.Web\AFLC\dist\out-tsc\src\main.js
D:\scoala\anul 3\semestrul 1\iNET\football-live-check\FootballLiveCheck.Web\AFLC\dist\out-tsc\src\main.js.map
D:\scoala\anul 3\semestrul 1\iNET\football-live-check\FootballLiveCheck.Web\AFLC\dist\out-tsc\src\polyfills.js
D:\scoala\anul 3\semestrul 1\iNET\football-live-check\FootballLiveCheck.Web\AFLC\dist\out-tsc\src\polyfills.js.map
D:\scoala\anul 3\semestrul 1\iNET\football-live-check\FootballLiveCheck.Web\AFLC\dist\out-tsc\src\test.js
D:\scoala\anul 3\semestrul 1\iNET\football-live-check\FootballLiveCheck.Web\AFLC\dist\out-tsc\src\test.js.map
D:\scoala\anul 3\semestrul 1\iNET\football-live-check\FootballLiveCheck.Web\AFLC\dist\out-tsc\src\environments\environment.prod.js
D:\scoala\anul 3\semestrul 1\iNET\football-live-check\FootballLiveCheck.Web\AFLC\dist\out-tsc\src\environments\environment.prod.js.map
D:\scoala\anul 3\semestrul 1\iNET\football-live-check\FootballLiveCheck.Web\AFLC\dist\out-tsc\src\app\app-routing.module.js
D:\scoala\anul 3\semestrul 1\iNET\football-live-check\FootballLiveCheck.Web\AFLC\dist\out-tsc\src\app\app-routing.module.js.map
D:\scoala\anul 3\semestrul 1\iNET\football-live-check\FootballLiveCheck.Web\AFLC\dist\out-tsc\src\app\app.component.spec.js
D:\scoala\anul 3\semestrul 1\iNET\football-live-check\FootballLiveCheck.Web\AFLC\dist\out-tsc\src\app\app.component.spec.js.map
D:\scoala\anul 3\semestrul 1\iNET\football-live-check\FootballLiveCheck.Web\AFLC\dist\out-tsc\src\app\home\home.component.spec.js
D:\scoala\anul 3\semestrul 1\iNET\football-live-check\FootballLiveCheck.Web\AFLC\dist\out-tsc\src\app\home\home.component.spec.js.map
D:\scoala\anul 3\semestrul 1\iNET\football-live-check\FootballLiveCheck.Web\AFLC\dist\out-tsc\e2e\app.po.js
D:\scoala\anul 3\semestrul 1\iNET\football-live-check\FootballLiveCheck.Web\AFLC\dist\out-tsc\e2e\app.po.js.map
D:\scoala\anul 3\semestrul 1\iNET\football-live-check\FootballLiveCheck.Web\AFLC\dist\out-tsc\e2e\app.e2e-spec.js
D:\scoala\anul 3\semestrul 1\iNET\football-live-check\FootballLiveCheck.Web\AFLC\dist\out-tsc\e2e\app.e2e-spec.js.map
D:\scoala\anul 3\semestrul 1\iNET\football-live-check\FootballLiveCheck.Web\AFLC\dist\out-tsc\src\app\app.component.js
D:\scoala\anul 3\semestrul 1\iNET\football-live-check\FootballLiveCheck.Web\AFLC\dist\out-tsc\src\app\app.component.js.map
D:\scoala\anul 3\semestrul 1\iNET\football-live-check\FootballLiveCheck.Web\AFLC\dist\out-tsc\src\app\home\home.component.js
D:\scoala\anul 3\semestrul 1\iNET\football-live-check\FootballLiveCheck.Web\AFLC\dist\out-tsc\src\app\home\home.component.js.map
D:\scoala\anul 3\semestrul 1\iNET\football-live-check\FootballLiveCheck.Web\AFLC\dist\out-tsc\src\app\app.module.js
D:\scoala\anul 3\semestrul 1\iNET\football-live-check\FootballLiveCheck.Web\AFLC\dist\out-tsc\src\app\app.module.js.map
D:\scoala\anul 3\semestrul 1\iNET\football-live-check\FootballLiveCheck.Web\AFLC\dist\out-tsc\src\environments\environment.js
D:\scoala\anul 3\semestrul 1\iNET\football-live-check\FootballLiveCheck.Web\AFLC\dist\out-tsc\src\environments\environment.js.map
D:\scoala\anul 3\semestrul 1\iNET\football-live-check\FootballLiveCheck.Web\AFLC\dist\out-tsc\src\main.js
D:\scoala\anul 3\semestrul 1\iNET\football-live-check\FootballLiveCheck.Web\AFLC\dist\out-tsc\src\main.js.map
D:\scoala\anul 3\semestrul 1\iNET\football-live-check\FootballLiveCheck.Web\AFLC\dist\out-tsc\src\polyfills.js
D:\scoala\anul 3\semestrul 1\iNET\football-live-check\FootballLiveCheck.Web\AFLC\dist\out-tsc\src\polyfills.js.map
D:\scoala\anul 3\semestrul 1\iNET\football-live-check\FootballLiveCheck.Web\AFLC\dist\out-tsc\src\test.js
D:\scoala\anul 3\semestrul 1\iNET\football-live-check\FootballLiveCheck.Web\AFLC\dist\out-tsc\src\test.js.map
D:\scoala\anul 3\semestrul 1\iNET\football-live-check\FootballLiveCheck.Web\AFLC\dist\out-tsc\src\environments\environment.prod.js
D:\scoala\anul 3\semestrul 1\iNET\football-live-check\FootballLiveCheck.Web\AFLC\dist\out-tsc\src\environments\environment.prod.js.map
D:\scoala\anul 3\semestrul 1\iNET\football-live-check\FootballLiveCheck.Web\AFLC\dist\out-tsc\src\app\app-routing.module.js
D:\scoala\anul 3\semestrul 1\iNET\football-live-check\FootballLiveCheck.Web\AFLC\dist\out-tsc\src\app\app-routing.module.js.map
D:\scoala\anul 3\semestrul 1\iNET\football-live-check\FootballLiveCheck.Web\AFLC\dist\out-tsc\src\app\app.component.spec.js
D:\scoala\anul 3\semestrul 1\iNET\football-live-check\FootballLiveCheck.Web\AFLC\dist\out-tsc\src\app\app.component.spec.js.map
D:\scoala\anul 3\semestrul 1\iNET\football-live-check\FootballLiveCheck.Web\AFLC\dist\out-tsc\src\app\home\home.component.spec.js
D:\scoala\anul 3\semestrul 1\iNET\football-live-check\FootballLiveCheck.Web\AFLC\dist\out-tsc\src\app\home\home.component.spec.js.map
D:\scoala\anul 3\semestrul 1\iNET\football-live-check\FootballLiveCheck.Web\AFLC\dist\out-tsc\e2e\app.po.js
D:\scoala\anul 3\semestrul 1\iNET\football-live-check\FootballLiveCheck.Web\AFLC\dist\out-tsc\e2e\app.po.js.map
D:\scoala\anul 3\semestrul 1\iNET\football-live-check\FootballLiveCheck.Web\AFLC\dist\out-tsc\e2e\app.e2e-spec.js
D:\scoala\anul 3\semestrul 1\iNET\football-live-check\FootballLiveCheck.Web\AFLC\dist\out-tsc\e2e\app.e2e-spec.js.map
D:\scoala\anul 3\semestrul 1\iNET\football-live-check\FootballLiveCheck.Web\AFLC\dist\out-tsc\src\app\app.component.js
D:\scoala\anul 3\semestrul 1\iNET\football-live-check\FootballLiveCheck.Web\AFLC\dist\out-tsc\src\app\app.component.js.map
D:\scoala\anul 3\semestrul 1\iNET\football-live-check\FootballLiveCheck.Web\AFLC\dist\out-tsc\src\app\home\home.component.js
D:\scoala\anul 3\semestrul 1\iNET\football-live-check\FootballLiveCheck.Web\AFLC\dist\out-tsc\src\app\home\home.component.js.map
D:\scoala\anul 3\semestrul 1\iNET\football-live-check\FootballLiveCheck.Web\AFLC\dist\out-tsc\src\app\app.module.js
D:\scoala\anul 3\semestrul 1\iNET\football-live-check\FootballLiveCheck.Web\AFLC\dist\out-tsc\src\app\app.module.js.map
D:\scoala\anul 3\semestrul 1\iNET\football-live-check\FootballLiveCheck.Web\AFLC\dist\out-tsc\src\environments\environment.js
D:\scoala\anul 3\semestrul 1\iNET\football-live-check\FootballLiveCheck.Web\AFLC\dist\out-tsc\src\environments\environment.js.map
D:\scoala\anul 3\semestrul 1\iNET\football-live-check\FootballLiveCheck.Web\AFLC\dist\out-tsc\src\main.js
D:\scoala\anul 3\semestrul 1\iNET\football-live-check\FootballLiveCheck.Web\AFLC\dist\out-tsc\src\main.js.map
D:\scoala\anul 3\semestrul 1\iNET\football-live-check\FootballLiveCheck.Web\AFLC\dist\out-tsc\src\polyfills.js
D:\scoala\anul 3\semestrul 1\iNET\football-live-check\FootballLiveCheck.Web\AFLC\dist\out-tsc\src\polyfills.js.map
D:\scoala\anul 3\semestrul 1\iNET\football-live-check\FootballLiveCheck.Web\AFLC\dist\out-tsc\src\test.js
D:\scoala\anul 3\semestrul 1\iNET\football-live-check\FootballLiveCheck.Web\AFLC\dist\out-tsc\src\test.js.map
D:\scoala\anul 3\semestrul 1\iNET\football-live-check\FootballLiveCheck.Web\AFLC\dist\out-tsc\src\environments\environment.prod.js
D:\scoala\anul 3\semestrul 1\iNET\football-live-check\FootballLiveCheck.Web\AFLC\dist\out-tsc\src\environments\environment.prod.js.map
D:\scoala\anul 3\semestrul 1\iNET\football-live-check\FootballLiveCheck.Web\AFLC\dist\out-tsc\src\app\app-routing.module.js
D:\scoala\anul 3\semestrul 1\iNET\football-live-check\FootballLiveCheck.Web\AFLC\dist\out-tsc\src\app\app-routing.module.js.map
D:\scoala\anul 3\semestrul 1\iNET\football-live-check\FootballLiveCheck.Web\AFLC\dist\out-tsc\src\app\app.component.spec.js
D:\scoala\anul 3\semestrul 1\iNET\football-live-check\FootballLiveCheck.Web\AFLC\dist\out-tsc\src\app\app.component.spec.js.map
D:\scoala\anul 3\semestrul 1\iNET\football-live-check\FootballLiveCheck.Web\AFLC\dist\out-tsc\src\app\home\home.component.spec.js
D:\scoala\anul 3\semestrul 1\iNET\football-live-check\FootballLiveCheck.Web\AFLC\dist\out-tsc\src\app\home\home.component.spec.js.map
D:\scoala\anul 3\semestrul 1\iNET\football-live-check\FootballLiveCheck.Web\AFLC\dist\out-tsc\e2e\app.po.js
D:\scoala\anul 3\semestrul 1\iNET\football-live-check\FootballLiveCheck.Web\AFLC\dist\out-tsc\e2e\app.po.js.map
D:\scoala\anul 3\semestrul 1\iNET\football-live-check\FootballLiveCheck.Web\AFLC\dist\out-tsc\e2e\app.e2e-spec.js
D:\scoala\anul 3\semestrul 1\iNET\football-live-check\FootballLiveCheck.Web\AFLC\dist\out-tsc\e2e\app.e2e-spec.js.map
